[21-Nov-2017 16:51:56 Asia/Shanghai] PHP Fatal error:  Uncaught Error: Class 'Text' not found in D:\Site\html\wechat\callapi.php:11
Stack trace:
#0 {main}
  thrown in D:\Site\html\wechat\callapi.php on line 11
[21-Nov-2017 16:52:32 Asia/Shanghai] PHP Fatal error:  Uncaught GuzzleHttp\Exception\RequestException: cURL error 60: SSL certificate problem: unable to get local issuer certificate (see http://curl.haxx.se/libcurl/c/libcurl-errors.html) in D:\Site\wechat\overtrue3.1\vendor\guzzlehttp\guzzle\src\Handler\CurlFactory.php:187
Stack trace:
#0 D:\Site\wechat\overtrue3.1\vendor\guzzlehttp\guzzle\src\Handler\CurlFactory.php(150): GuzzleHttp\Handler\CurlFactory::createRejection(Object(GuzzleHttp\Handler\EasyHandle), Array)
#1 D:\Site\wechat\overtrue3.1\vendor\guzzlehttp\guzzle\src\Handler\CurlFactory.php(103): GuzzleHttp\Handler\CurlFactory::finishError(Object(GuzzleHttp\Handler\CurlHandler), Object(GuzzleHttp\Handler\EasyHandle), Object(GuzzleHttp\Handler\CurlFactory))
#2 D:\Site\wechat\overtrue3.1\vendor\guzzlehttp\guzzle\src\Handler\CurlHandler.php(43): GuzzleHttp\Handler\CurlFactory::finish(Object(GuzzleHttp\Handler\CurlHandler), Object(GuzzleHttp\Handler\EasyHandle), Object(GuzzleHttp\Handler\CurlFactory))
#3 D:\Site\wechat\overtrue3.1\vendor\guzzlehttp\guzzle\src\H in D:\Site\wechat\overtrue3.1\vendor\guzzlehttp\guzzle\src\Handler\CurlFactory.php on line 187
[21-Nov-2017 16:53:49 Asia/Shanghai] PHP Fatal error:  Uncaught EasyWeChat\Core\Exceptions\HttpException: Request AccessToken fail. response: {"errcode":40164,"errmsg":"invalid ip 60.176.44.96, not in whitelist hint: [yREXqa0440en10]"} in D:\Site\wechat\overtrue3.1\vendor\overtrue\wechat\src\Core\AccessToken.php:243
Stack trace:
#0 D:\Site\wechat\overtrue3.1\vendor\overtrue\wechat\src\Core\AccessToken.php(119): EasyWeChat\Core\AccessToken->getTokenFromServer()
#1 D:\Site\wechat\overtrue3.1\vendor\overtrue\wechat\src\Core\AbstractAPI.php(181): EasyWeChat\Core\AccessToken->getToken()
#2 D:\Site\wechat\overtrue3.1\vendor\guzzlehttp\guzzle\src\RetryMiddleware.php(67): EasyWeChat\Core\AbstractAPI->EasyWeChat\Core\{closure}(Object(GuzzleHttp\Psr7\Request), Array)
#3 D:\Site\wechat\overtrue3.1\vendor\guzzlehttp\guzzle\src\Middleware.php(132): GuzzleHttp\RetryMiddleware->__invoke(Object(GuzzleHttp\Psr7\Request), Array)
#4 D:\Site\wechat\overtrue3.1\vendor\guzzlehttp\guzzle\src\PrepareBodyMiddleware.php(66): GuzzleHttp\Middleware::GuzzleHttp\{closure}(Object(GuzzleHttp\Ps in D:\Site\wechat\overtrue3.1\vendor\overtrue\wechat\src\Core\AccessToken.php on line 243
[21-Nov-2017 17:00:58 Asia/Shanghai] PHP Fatal error:  Uncaught EasyWeChat\Core\Exceptions\HttpException: api unauthorized hint: [B1KjOA0869vr65!] in D:\Site\wechat\overtrue3.1\vendor\overtrue\wechat\src\Core\AbstractAPI.php:249
Stack trace:
#0 D:\Site\wechat\overtrue3.1\vendor\overtrue\wechat\src\Core\AbstractAPI.php(149): EasyWeChat\Core\AbstractAPI->checkAndThrow(Array)
#1 D:\Site\wechat\overtrue3.1\vendor\overtrue\wechat\src\Staff\Staff.php(179): EasyWeChat\Core\AbstractAPI->parseJSON('json', Array)
#2 D:\Site\wechat\overtrue3.1\vendor\overtrue\wechat\src\Staff\MessageBuilder.php(151): EasyWeChat\Staff\Staff->send(Array)
#3 D:\Site\html\wechat\callapi.php(14): EasyWeChat\Staff\MessageBuilder->send()
#4 {main}
  thrown in D:\Site\wechat\overtrue3.1\vendor\overtrue\wechat\src\Core\AbstractAPI.php on line 249
